<?xml version="1.0" encoding="UTF-8"?>
<!-- Generated by org.testng.reporters.JUnitReportReporter -->
<testsuite skipped="0" hostname="BDC6-DX-6GN5NK2" name="PageObjMod.pageImpl" tests="1" failures="0" timestamp="03 Jun 2019 07:15:42 GMT" time="10.749" errors="0">
  <testcase name="Method" time="10.749" classname="PageObjMod.pageImpl"/>
</testsuite> <!-- PageObjMod.pageImpl -->
